1553478614537	mozrunner::runner	INFO	Running command: "/usr/bin/firefox" "-marionette" "-foreground" "-no-remote" "-profile" "/tmp/rust_mozprofile.7Jt5FxgkhBPk"
1553478617420	addons.webextension.screenshots@mozilla.org	WARN	Loading extension 'screenshots@mozilla.org': Reading manifest: Invalid host permission: resource://pdf.js/
1553478617421	addons.webextension.screenshots@mozilla.org	WARN	Loading extension 'screenshots@mozilla.org': Reading manifest: Invalid host permission: about:reader*

(firefox:20296): Gtk-WARNING **: 22:50:19.515: Theme parsing error: <data>:1:34: Expected ')' in color definition

(firefox:20296): Gtk-WARNING **: 22:50:19.515: Theme parsing error: <data>:1:77: Expected ')' in color definition
1553478627546	Marionette	INFO	Listening on port 41203
1553478627622	Marionette	WARN	TLS certificate errors will be ignored for this session
console.error: BroadcastService: 
  receivedBroadcastMessage: handler for
  remote-settings/monitor_changes
  threw error:
  Message: Error: Polling for changes failed: NetworkError when attempting to fetch resource..
  Stack:
    remoteSettingsFunction/remoteSettings.pollChanges@resource://services-settings/remote-settings.js:188:13

1553478692628	Marionette	INFO	Stopped listening on port 41203
1553479028084	mozrunner::runner	INFO	Running command: "/usr/bin/firefox" "-marionette" "-foreground" "-no-remote" "-profile" "/tmp/rust_mozprofile.JueJ07wgzLiY"
1553479030223	addons.webextension.screenshots@mozilla.org	WARN	Loading extension 'screenshots@mozilla.org': Reading manifest: Invalid host permission: resource://pdf.js/
1553479030223	addons.webextension.screenshots@mozilla.org	WARN	Loading extension 'screenshots@mozilla.org': Reading manifest: Invalid host permission: about:reader*

(firefox:578): Gtk-WARNING **: 22:57:11.890: Theme parsing error: <data>:1:34: Expected ')' in color definition

(firefox:578): Gtk-WARNING **: 22:57:11.891: Theme parsing error: <data>:1:77: Expected ')' in color definition
1553479039131	Marionette	INFO	Listening on port 41957
1553479039217	Marionette	WARN	TLS certificate errors will be ignored for this session
console.error: BroadcastService: 
  receivedBroadcastMessage: handler for
  remote-settings/monitor_changes
  threw error:
  Message: Error: Polling for changes failed: NetworkError when attempting to fetch resource..
  Stack:
    remoteSettingsFunction/remoteSettings.pollChanges@resource://services-settings/remote-settings.js:188:13

IPDL protocol error: Handler returned error code!

###!!! [Parent][DispatchAsyncMessage] Error: PLayerTransaction::Msg_ReleaseLayer Processing error: message was deserialized, but the handler returned false (indicating failure)

IPDL protocol error: Handler returned error code!

###!!! [Parent][DispatchAsyncMessage] Error: PLayerTransaction::Msg_ReleaseLayer Processing error: message was deserialized, but the handler returned false (indicating failure)

IPDL protocol error: Handler returned error code!

###!!! [Parent][DispatchAsyncMessage] Error: PLayerTransaction::Msg_ReleaseLayer Processing error: message was deserialized, but the handler returned false (indicating failure)

IPDL protocol error: Handler returned error code!

###!!! [Parent][DispatchAsyncMessage] Error: PLayerTransaction::Msg_ReleaseLayer Processing error: message was deserialized, but the handler returned false (indicating failure)

IPDL protocol error: Handler returned error code!

###!!! [Parent][DispatchAsyncMessage] Error: PLayerTransaction::Msg_ReleaseLayer Processing error: message was deserialized, but the handler returned false (indicating failure)

IPDL protocol error: Handler returned error code!

###!!! [Parent][DispatchAsyncMessage] Error: PLayerTransaction::Msg_ReleaseLayer Processing error: message was deserialized, but the handler returned false (indicating failure)

IPDL protocol error: Handler returned error code!

###!!! [Parent][DispatchAsyncMessage] Error: PLayerTransaction::Msg_ReleaseLayer Processing error: message was deserialized, but the handler returned false (indicating failure)

IPDL protocol error: Handler returned error code!

###!!! [Parent][DispatchAsyncMessage] Error: PLayerTransaction::Msg_ReleaseLayer Processing error: message was deserialized, but the handler returned false (indicating failure)

1553480748043	Marionette	INFO	Stopped listening on port 41957
1553510182140	mozrunner::runner	INFO	Running command: "/usr/bin/firefox" "-marionette" "-foreground" "-no-remote" "-profile" "/tmp/rust_mozprofile.sd8FdSwBdYdC"
1553510183405	addons.webextension.screenshots@mozilla.org	WARN	Loading extension 'screenshots@mozilla.org': Reading manifest: Invalid host permission: resource://pdf.js/
1553510183406	addons.webextension.screenshots@mozilla.org	WARN	Loading extension 'screenshots@mozilla.org': Reading manifest: Invalid host permission: about:reader*

(firefox:18545): Gtk-WARNING **: 07:36:24.402: Theme parsing error: <data>:1:34: Expected ')' in color definition

(firefox:18545): Gtk-WARNING **: 07:36:24.402: Theme parsing error: <data>:1:77: Expected ')' in color definition
1553510191196	Marionette	INFO	Listening on port 43455
1553510191295	Marionette	WARN	TLS certificate errors will be ignored for this session
console.error: BroadcastService: 
  receivedBroadcastMessage: handler for
  remote-settings/monitor_changes
  threw error:
  Message: Error: Polling for changes failed: NetworkError when attempting to fetch resource..
  Stack:
    remoteSettingsFunction/remoteSettings.pollChanges@resource://services-settings/remote-settings.js:188:13

IPDL protocol error: Handler returned error code!

###!!! [Parent][DispatchAsyncMessage] Error: PLayerTransaction::Msg_ReleaseLayer Processing error: message was deserialized, but the handler returned false (indicating failure)

IPDL protocol error: Handler returned error code!

###!!! [Parent][DispatchAsyncMessage] Error: PLayerTransaction::Msg_ReleaseLayer Processing error: message was deserialized, but the handler returned false (indicating failure)

IPDL protocol error: Handler returned error code!

###!!! [Parent][DispatchAsyncMessage] Error: PLayerTransaction::Msg_ReleaseLayer Processing error: message was deserialized, but the handler returned false (indicating failure)

IPDL protocol error: Handler returned error code!

###!!! [Parent][DispatchAsyncMessage] Error: PLayerTransaction::Msg_ReleaseLayer Processing error: message was deserialized, but the handler returned false (indicating failure)

IPDL protocol error: Handler returned error code!

###!!! [Parent][DispatchAsyncMessage] Error: PLayerTransaction::Msg_ReleaseLayer Processing error: message was deserialized, but the handler returned false (indicating failure)

1553514072570	Marionette	INFO	Stopped listening on port 43455
1553519292547	mozrunner::runner	INFO	Running command: "/usr/bin/firefox" "-marionette" "-foreground" "-no-remote" "-profile" "/tmp/rust_mozprofile.o5w1TtJlUZse"
1553519294969	addons.webextension.screenshots@mozilla.org	WARN	Loading extension 'screenshots@mozilla.org': Reading manifest: Invalid host permission: resource://pdf.js/
1553519294970	addons.webextension.screenshots@mozilla.org	WARN	Loading extension 'screenshots@mozilla.org': Reading manifest: Invalid host permission: about:reader*

(firefox:8543): Gtk-WARNING **: 10:08:16.761: Theme parsing error: <data>:1:34: Expected ')' in color definition

(firefox:8543): Gtk-WARNING **: 10:08:16.761: Theme parsing error: <data>:1:77: Expected ')' in color definition
1553519304235	Marionette	INFO	Listening on port 46569
1553519304475	Marionette	WARN	TLS certificate errors will be ignored for this session
console.error: BroadcastService: 
  receivedBroadcastMessage: handler for
  remote-settings/monitor_changes
  threw error:
  Message: Error: Polling for changes failed: NetworkError when attempting to fetch resource..
  Stack:
    remoteSettingsFunction/remoteSettings.pollChanges@resource://services-settings/remote-settings.js:188:13

1553519605384	mozrunner::runner	INFO	Running command: "/usr/bin/firefox" "-marionette" "-foreground" "-no-remote" "-profile" "/tmp/rust_mozprofile.fo5Fpke0pNvl"
1553519606336	addons.webextension.screenshots@mozilla.org	WARN	Loading extension 'screenshots@mozilla.org': Reading manifest: Invalid host permission: resource://pdf.js/
1553519606336	addons.webextension.screenshots@mozilla.org	WARN	Loading extension 'screenshots@mozilla.org': Reading manifest: Invalid host permission: about:reader*

(firefox:1186): Gtk-WARNING **: 10:13:27.326: Theme parsing error: <data>:1:34: Expected ')' in color definition

(firefox:1186): Gtk-WARNING **: 10:13:27.326: Theme parsing error: <data>:1:77: Expected ')' in color definition
1553519611131	Marionette	INFO	Listening on port 45311
1553519611238	Marionette	WARN	TLS certificate errors will be ignored for this session
console.error: BroadcastService: 
  receivedBroadcastMessage: handler for
  remote-settings/monitor_changes
  threw error:
  Message: Error: Polling for changes failed: NetworkError when attempting to fetch resource..
  Stack:
    remoteSettingsFunction/remoteSettings.pollChanges@resource://services-settings/remote-settings.js:188:13

[Parent 1186, Gecko_IOThread] WARNING: pipe error (79): Conexão fechada pela outra ponta: file /build/firefox-HN7tk_/firefox-65.0+build2/ipc/chromium/src/chrome/common/ipc_channel_posix.cc, line 349
[Parent 1186, Gecko_IOThread] WARNING: pipe error (65): Conexão fechada pela outra ponta: file /build/firefox-HN7tk_/firefox-65.0+build2/ipc/chromium/src/chrome/common/ipc_channel_posix.cc, line 349
1553520422815	Marionette	INFO	Stopped listening on port 45311
IPDL protocol error: Handler returned error code!

###!!! [Parent][DispatchAsyncMessage] Error: PLayerTransaction::Msg_ReleaseLayer Processing error: message was deserialized, but the handler returned false (indicating failure)

IPDL protocol error: Handler returned error code!

###!!! [Parent][DispatchAsyncMessage] Error: PLayerTransaction::Msg_ReleaseLayer Processing error: message was deserialized, but the handler returned false (indicating failure)

IPDL protocol error: Handler returned error code!

###!!! [Parent][DispatchAsyncMessage] Error: PLayerTransaction::Msg_ReleaseLayer Processing error: message was deserialized, but the handler returned false (indicating failure)

IPDL protocol error: Handler returned error code!

###!!! [Parent][DispatchAsyncMessage] Error: PLayerTransaction::Msg_ReleaseLayer Processing error: message was deserialized, but the handler returned false (indicating failure)

IPDL protocol error: Handler returned error code!

###!!! [Parent][DispatchAsyncMessage] Error: PLayerTransaction::Msg_ReleaseLayer Processing error: message was deserialized, but the handler returned false (indicating failure)

IPDL protocol error: Handler returned error code!

###!!! [Parent][DispatchAsyncMessage] Error: PLayerTransaction::Msg_ReleaseLayer Processing error: message was deserialized, but the handler returned false (indicating failure)

IPDL protocol error: Handler returned error code!

###!!! [Parent][DispatchAsyncMessage] Error: PLayerTransaction::Msg_ReleaseLayer Processing error: message was deserialized, but the handler returned false (indicating failure)

IPDL protocol error: Handler returned error code!

###!!! [Parent][DispatchAsyncMessage] Error: PLayerTransaction::Msg_ReleaseLayer Processing error: message was deserialized, but the handler returned false (indicating failure)


###!!! [Child][RunMessage] Error: Channel closing: too late to send/recv, messages will be lost

1553520427837	Marionette	INFO	Stopped listening on port 46569
1553647121911	mozrunner::runner	INFO	Running command: "/usr/bin/firefox" "-marionette" "-foreground" "-no-remote" "-profile" "/tmp/rust_mozprofile.2T7MWliSQawM"
1553647123222	addons.webextension.screenshots@mozilla.org	WARN	Loading extension 'screenshots@mozilla.org': Reading manifest: Invalid host permission: resource://pdf.js/
1553647123222	addons.webextension.screenshots@mozilla.org	WARN	Loading extension 'screenshots@mozilla.org': Reading manifest: Invalid host permission: about:reader*

(firefox:7326): Gtk-WARNING **: 21:38:44.290: Theme parsing error: <data>:1:34: Expected ')' in color definition

(firefox:7326): Gtk-WARNING **: 21:38:44.290: Theme parsing error: <data>:1:77: Expected ')' in color definition
1553647131019	Marionette	INFO	Listening on port 37997
1553647131075	Marionette	WARN	TLS certificate errors will be ignored for this session
console.error: BroadcastService: 
  receivedBroadcastMessage: handler for
  remote-settings/monitor_changes
  threw error:
  Message: Error: Polling for changes failed: NetworkError when attempting to fetch resource..
  Stack:
    remoteSettingsFunction/remoteSettings.pollChanges@resource://services-settings/remote-settings.js:188:13

[Parent 7326, Gecko_IOThread] WARNING: pipe error (79): Conexão fechada pela outra ponta: file /build/firefox-HN7tk_/firefox-65.0+build2/ipc/chromium/src/chrome/common/ipc_channel_posix.cc, line 349
1553647204289	Marionette	INFO	Stopped listening on port 37997
1553647323112	mozrunner::runner	INFO	Running command: "/usr/bin/firefox" "-marionette" "-foreground" "-no-remote" "-profile" "/tmp/rust_mozprofile.vaaETPjUtNLi"
1553647324624	addons.webextension.screenshots@mozilla.org	WARN	Loading extension 'screenshots@mozilla.org': Reading manifest: Invalid host permission: resource://pdf.js/
1553647324624	addons.webextension.screenshots@mozilla.org	WARN	Loading extension 'screenshots@mozilla.org': Reading manifest: Invalid host permission: about:reader*

(firefox:31487): Gtk-WARNING **: 21:42:08.652: Theme parsing error: <data>:1:34: Expected ')' in color definition

(firefox:31487): Gtk-WARNING **: 21:42:08.653: Theme parsing error: <data>:1:77: Expected ')' in color definition
1553647333997	Marionette	INFO	Listening on port 32895
1553647334121	Marionette	WARN	TLS certificate errors will be ignored for this session
console.error: BroadcastService: 
  receivedBroadcastMessage: handler for
  remote-settings/monitor_changes
  threw error:
  Message: Error: Polling for changes failed: NetworkError when attempting to fetch resource..
  Stack:
    remoteSettingsFunction/remoteSettings.pollChanges@resource://services-settings/remote-settings.js:188:13

[Parent 31487, Gecko_IOThread] WARNING: pipe error (93): Conexão fechada pela outra ponta: file /build/firefox-HN7tk_/firefox-65.0+build2/ipc/chromium/src/chrome/common/ipc_channel_posix.cc, line 349
1553647514913	Marionette	INFO	Stopped listening on port 32895
1553647759631	mozrunner::runner	INFO	Running command: "/usr/bin/firefox" "-marionette" "-foreground" "-no-remote" "-profile" "/tmp/rust_mozprofile.Uq1lT4ociHOv"
1553647760533	addons.webextension.screenshots@mozilla.org	WARN	Loading extension 'screenshots@mozilla.org': Reading manifest: Invalid host permission: resource://pdf.js/
1553647760533	addons.webextension.screenshots@mozilla.org	WARN	Loading extension 'screenshots@mozilla.org': Reading manifest: Invalid host permission: about:reader*

(firefox:11576): Gtk-WARNING **: 21:49:21.450: Theme parsing error: <data>:1:34: Expected ')' in color definition

(firefox:11576): Gtk-WARNING **: 21:49:21.450: Theme parsing error: <data>:1:77: Expected ')' in color definition
1553647768553	Marionette	INFO	Listening on port 34817
1553647768817	Marionette	WARN	TLS certificate errors will be ignored for this session
1553647773327	Marionette	INFO	Stopped listening on port 34817
1553648828748	mozrunner::runner	INFO	Running command: "/usr/bin/firefox" "-marionette" "-foreground" "-no-remote" "-profile" "/tmp/rust_mozprofile.EwSm6owMiPLC"
1553648832533	addons.webextension.screenshots@mozilla.org	WARN	Loading extension 'screenshots@mozilla.org': Reading manifest: Invalid host permission: resource://pdf.js/
1553648832534	addons.webextension.screenshots@mozilla.org	WARN	Loading extension 'screenshots@mozilla.org': Reading manifest: Invalid host permission: about:reader*

(firefox:32087): Gtk-WARNING **: 22:07:14.274: Theme parsing error: <data>:1:34: Expected ')' in color definition

(firefox:32087): Gtk-WARNING **: 22:07:14.275: Theme parsing error: <data>:1:77: Expected ')' in color definition
1553648841286	Marionette	INFO	Listening on port 41809
1553648841354	Marionette	WARN	TLS certificate errors will be ignored for this session
console.error: BroadcastService: 
  receivedBroadcastMessage: handler for
  remote-settings/monitor_changes
  threw error:
  Message: Error: Polling for changes failed: NetworkError when attempting to fetch resource..
  Stack:
    remoteSettingsFunction/remoteSettings.pollChanges@resource://services-settings/remote-settings.js:188:13

[Parent 32087, Gecko_IOThread] WARNING: pipe error (79): Conexão fechada pela outra ponta: file /build/firefox-HN7tk_/firefox-65.0+build2/ipc/chromium/src/chrome/common/ipc_channel_posix.cc, line 349
[Parent 32087, Gecko_IOThread] WARNING: pipe error (93): Conexão fechada pela outra ponta: file /build/firefox-HN7tk_/firefox-65.0+build2/ipc/chromium/src/chrome/common/ipc_channel_posix.cc, line 349
1553648942541	Marionette	INFO	Stopped listening on port 41809
1553648945020	mozrunner::runner	INFO	Running command: "/usr/bin/firefox" "-marionette" "-foreground" "-no-remote" "-profile" "/tmp/rust_mozprofile.p7EOVAsRPUeZ"
1553648946018	addons.webextension.screenshots@mozilla.org	WARN	Loading extension 'screenshots@mozilla.org': Reading manifest: Invalid host permission: resource://pdf.js/
1553648946018	addons.webextension.screenshots@mozilla.org	WARN	Loading extension 'screenshots@mozilla.org': Reading manifest: Invalid host permission: about:reader*

(firefox:8709): Gtk-WARNING **: 22:09:06.940: Theme parsing error: <data>:1:34: Expected ')' in color definition

(firefox:8709): Gtk-WARNING **: 22:09:06.940: Theme parsing error: <data>:1:77: Expected ')' in color definition
1553648950714	Marionette	INFO	Listening on port 36069
1553648950779	Marionette	WARN	TLS certificate errors will be ignored for this session
console.error: BroadcastService: 
  receivedBroadcastMessage: handler for
  remote-settings/monitor_changes
  threw error:
  Message: Error: Polling for changes failed: NetworkError when attempting to fetch resource..
  Stack:
    remoteSettingsFunction/remoteSettings.pollChanges@resource://services-settings/remote-settings.js:188:13

1553649031458	Marionette	INFO	Stopped listening on port 36069
1553649527546	mozrunner::runner	INFO	Running command: "/usr/bin/firefox" "-marionette" "-foreground" "-no-remote" "-profile" "/tmp/rust_mozprofile.wbWlZh7xbDKX"
1553649528427	addons.webextension.screenshots@mozilla.org	WARN	Loading extension 'screenshots@mozilla.org': Reading manifest: Invalid host permission: resource://pdf.js/
1553649528428	addons.webextension.screenshots@mozilla.org	WARN	Loading extension 'screenshots@mozilla.org': Reading manifest: Invalid host permission: about:reader*

(firefox:19239): Gtk-WARNING **: 22:18:49.415: Theme parsing error: <data>:1:34: Expected ')' in color definition

(firefox:19239): Gtk-WARNING **: 22:18:49.601: Theme parsing error: <data>:1:77: Expected ')' in color definition
1553649534211	Marionette	INFO	Listening on port 46809
1553649534301	Marionette	WARN	TLS certificate errors will be ignored for this session
console.error: BroadcastService: 
  receivedBroadcastMessage: handler for
  remote-settings/monitor_changes
  threw error:
  Message: Error: Polling for changes failed: NetworkError when attempting to fetch resource..
  Stack:
    remoteSettingsFunction/remoteSettings.pollChanges@resource://services-settings/remote-settings.js:188:13

[Parent 19239, Gecko_IOThread] WARNING: pipe error (79): Conexão fechada pela outra ponta: file /build/firefox-HN7tk_/firefox-65.0+build2/ipc/chromium/src/chrome/common/ipc_channel_posix.cc, line 349
[Parent 19239, Gecko_IOThread] WARNING: pipe error (93): Conexão fechada pela outra ponta: file /build/firefox-HN7tk_/firefox-65.0+build2/ipc/chromium/src/chrome/common/ipc_channel_posix.cc, line 349
1553649656021	Marionette	INFO	Stopped listening on port 46809
1553649660507	mozrunner::runner	INFO	Running command: "/usr/bin/firefox" "-marionette" "-foreground" "-no-remote" "-profile" "/tmp/rust_mozprofile.W70SnpKoIr9Z"
1553649662009	addons.webextension.screenshots@mozilla.org	WARN	Loading extension 'screenshots@mozilla.org': Reading manifest: Invalid host permission: resource://pdf.js/
1553649662010	addons.webextension.screenshots@mozilla.org	WARN	Loading extension 'screenshots@mozilla.org': Reading manifest: Invalid host permission: about:reader*

(firefox:30996): Gtk-WARNING **: 22:21:05.354: Theme parsing error: <data>:1:34: Expected ')' in color definition

(firefox:30996): Gtk-WARNING **: 22:21:05.354: Theme parsing error: <data>:1:77: Expected ')' in color definition
1553649672409	Marionette	INFO	Listening on port 38919
1553649672492	Marionette	WARN	TLS certificate errors will be ignored for this session
1553649691853	Marionette	INFO	Stopped listening on port 38919
1553650981178	mozrunner::runner	INFO	Running command: "/usr/bin/firefox" "-marionette" "-foreground" "-no-remote" "-profile" "/tmp/rust_mozprofile.aFI9IHW3M7O6"
1553650983295	addons.webextension.screenshots@mozilla.org	WARN	Loading extension 'screenshots@mozilla.org': Reading manifest: Invalid host permission: resource://pdf.js/
1553650983296	addons.webextension.screenshots@mozilla.org	WARN	Loading extension 'screenshots@mozilla.org': Reading manifest: Invalid host permission: about:reader*

(firefox:31063): Gtk-WARNING **: 22:43:05.007: Theme parsing error: <data>:1:34: Expected ')' in color definition

(firefox:31063): Gtk-WARNING **: 22:43:05.007: Theme parsing error: <data>:1:77: Expected ')' in color definition
1553650996478	Marionette	INFO	Listening on port 33555
1553650996615	Marionette	WARN	TLS certificate errors will be ignored for this session
console.error: BroadcastService: 
  receivedBroadcastMessage: handler for
  remote-settings/monitor_changes
  threw error:
  Message: Error: Polling for changes failed: NetworkError when attempting to fetch resource..
  Stack:
    remoteSettingsFunction/remoteSettings.pollChanges@resource://services-settings/remote-settings.js:188:13

[Parent 31063, Gecko_IOThread] WARNING: pipe error (99): Conexão fechada pela outra ponta: file /build/firefox-HN7tk_/firefox-65.0+build2/ipc/chromium/src/chrome/common/ipc_channel_posix.cc, line 349
[Parent 31063, Gecko_IOThread] WARNING: pipe error (78): Conexão fechada pela outra ponta: file /build/firefox-HN7tk_/firefox-65.0+build2/ipc/chromium/src/chrome/common/ipc_channel_posix.cc, line 349
1553651085616	Marionette	INFO	Stopped listening on port 33555
1553651102182	mozrunner::runner	INFO	Running command: "/usr/bin/firefox" "-marionette" "-foreground" "-no-remote" "-profile" "/tmp/rust_mozprofile.cF4ALmvmxFJO"
1553651103166	addons.webextension.screenshots@mozilla.org	WARN	Loading extension 'screenshots@mozilla.org': Reading manifest: Invalid host permission: resource://pdf.js/
1553651103167	addons.webextension.screenshots@mozilla.org	WARN	Loading extension 'screenshots@mozilla.org': Reading manifest: Invalid host permission: about:reader*

(firefox:8224): Gtk-WARNING **: 22:45:04.225: Theme parsing error: <data>:1:34: Expected ')' in color definition

(firefox:8224): Gtk-WARNING **: 22:45:04.225: Theme parsing error: <data>:1:77: Expected ')' in color definition
1553651108128	Marionette	INFO	Listening on port 42869
1553651108218	Marionette	WARN	TLS certificate errors will be ignored for this session
console.error: BroadcastService: 
  receivedBroadcastMessage: handler for
  remote-settings/monitor_changes
  threw error:
  Message: Error: Polling for changes failed: NetworkError when attempting to fetch resource..
  Stack:
    remoteSettingsFunction/remoteSettings.pollChanges@resource://services-settings/remote-settings.js:188:13

[Parent 8224, Gecko_IOThread] WARNING: pipe error (79): Conexão fechada pela outra ponta: file /build/firefox-HN7tk_/firefox-65.0+build2/ipc/chromium/src/chrome/common/ipc_channel_posix.cc, line 349
[Parent 8224, Gecko_IOThread] WARNING: pipe error (82): Conexão fechada pela outra ponta: file /build/firefox-HN7tk_/firefox-65.0+build2/ipc/chromium/src/chrome/common/ipc_channel_posix.cc, line 349
1553651175972	Marionette	INFO	Stopped listening on port 42869
1553651178922	mozrunner::runner	INFO	Running command: "/usr/bin/firefox" "-marionette" "-foreground" "-no-remote" "-profile" "/tmp/rust_mozprofile.NjABjBF4IgBX"
1553651179902	addons.webextension.screenshots@mozilla.org	WARN	Loading extension 'screenshots@mozilla.org': Reading manifest: Invalid host permission: resource://pdf.js/
1553651179902	addons.webextension.screenshots@mozilla.org	WARN	Loading extension 'screenshots@mozilla.org': Reading manifest: Invalid host permission: about:reader*

(firefox:14705): Gtk-WARNING **: 22:46:20.796: Theme parsing error: <data>:1:34: Expected ')' in color definition

(firefox:14705): Gtk-WARNING **: 22:46:20.796: Theme parsing error: <data>:1:77: Expected ')' in color definition
1553651184931	Marionette	INFO	Listening on port 38417
1553651185043	Marionette	WARN	TLS certificate errors will be ignored for this session
console.error: BroadcastService: 
  receivedBroadcastMessage: handler for
  remote-settings/monitor_changes
  threw error:
  Message: Error: Polling for changes failed: NetworkError when attempting to fetch resource..
  Stack:
    remoteSettingsFunction/remoteSettings.pollChanges@resource://services-settings/remote-settings.js:188:13

1553651227787	Marionette	WARN	TimedPromise timed out after 500 ms: stacktrace:
bail@chrome://marionette/content/sync.js:196:64
ajax@http://www.acessibilidadebrasil.org.br/libras_3/public/site/js/jquery-1.4.2.min.js:130:103
getWordsBySearch@http://www.acessibilidadebrasil.org.br/libras_3/public/site/js/functions.js?var=790:364:3
getClick/<@http://www.acessibilidadebrasil.org.br/libras_3/public/site/js/functions.js?var=790:98:17
handle@http://www.acessibilidadebrasil.org.br/libras_3/public/site/js/jquery-1.4.2.min.js:55:297
o@http://www.acessibilidadebrasil.org.br/libras_3/public/site/js/jquery-1.4.2.min.js:49:341
event.synthesizeMouseAtPoint@chrome://marionette/content/event.js:202:5
webdriverClickElement@chrome://marionette/content/interaction.js:183:5
1553651240987	Marionette	WARN	TimedPromise timed out after 500 ms: stacktrace:
bail@chrome://marionette/content/sync.js:196:64
ajax@http://www.acessibilidadebrasil.org.br/libras_3/public/site/js/jquery-1.4.2.min.js:130:103
getWordsBySearch@http://www.acessibilidadebrasil.org.br/libras_3/public/site/js/functions.js?var=790:364:3
getClick/<@http://www.acessibilidadebrasil.org.br/libras_3/public/site/js/functions.js?var=790:98:17
handle@http://www.acessibilidadebrasil.org.br/libras_3/public/site/js/jquery-1.4.2.min.js:55:297
o@http://www.acessibilidadebrasil.org.br/libras_3/public/site/js/jquery-1.4.2.min.js:49:341
event.synthesizeMouseAtPoint@chrome://marionette/content/event.js:202:5
webdriverClickElement@chrome://marionette/content/interaction.js:183:5
1553651256369	Marionette	WARN	TimedPromise timed out after 500 ms: stacktrace:
bail@chrome://marionette/content/sync.js:196:64
ajax@http://www.acessibilidadebrasil.org.br/libras_3/public/site/js/jquery-1.4.2.min.js:130:103
getWordsBySearch@http://www.acessibilidadebrasil.org.br/libras_3/public/site/js/functions.js?var=790:364:3
getClick/<@http://www.acessibilidadebrasil.org.br/libras_3/public/site/js/functions.js?var=790:98:17
handle@http://www.acessibilidadebrasil.org.br/libras_3/public/site/js/jquery-1.4.2.min.js:55:297
o@http://www.acessibilidadebrasil.org.br/libras_3/public/site/js/jquery-1.4.2.min.js:49:341
event.synthesizeMouseAtPoint@chrome://marionette/content/event.js:202:5
webdriverClickElement@chrome://marionette/content/interaction.js:183:5
1553651261860	Marionette	INFO	Stopped listening on port 38417
1553651349618	mozrunner::runner	INFO	Running command: "/usr/bin/firefox" "-marionette" "-foreground" "-no-remote" "-profile" "/tmp/rust_mozprofile.JjhmQkF2fxSG"
1553651351720	addons.webextension.screenshots@mozilla.org	WARN	Loading extension 'screenshots@mozilla.org': Reading manifest: Invalid host permission: resource://pdf.js/
1553651351722	addons.webextension.screenshots@mozilla.org	WARN	Loading extension 'screenshots@mozilla.org': Reading manifest: Invalid host permission: about:reader*

(firefox:25246): Gtk-WARNING **: 22:49:13.369: Theme parsing error: <data>:1:34: Expected ')' in color definition

(firefox:25246): Gtk-WARNING **: 22:49:13.369: Theme parsing error: <data>:1:77: Expected ')' in color definition
1553651360251	Marionette	INFO	Listening on port 41833
1553651360425	Marionette	WARN	TLS certificate errors will be ignored for this session
1553651369011	Marionette	WARN	TimedPromise timed out after 500 ms: stacktrace:
bail@chrome://marionette/content/sync.js:196:64
console.error: BroadcastService: 
  receivedBroadcastMessage: handler for
  remote-settings/monitor_changes
  threw error:
  Message: Error: Polling for changes failed: NetworkError when attempting to fetch resource..
  Stack:
    remoteSettingsFunction/remoteSettings.pollChanges@resource://services-settings/remote-settings.js:188:13

1553651597681	mozrunner::runner	INFO	Running command: "/usr/bin/firefox" "-marionette" "-foreground" "-no-remote" "-profile" "/tmp/rust_mozprofile.eqgnBwvwhwAH"
1553651598602	addons.webextension.screenshots@mozilla.org	WARN	Loading extension 'screenshots@mozilla.org': Reading manifest: Invalid host permission: resource://pdf.js/
1553651598602	addons.webextension.screenshots@mozilla.org	WARN	Loading extension 'screenshots@mozilla.org': Reading manifest: Invalid host permission: about:reader*

(firefox:13765): Gtk-WARNING **: 22:53:19.560: Theme parsing error: <data>:1:34: Expected ')' in color definition

(firefox:13765): Gtk-WARNING **: 22:53:19.560: Theme parsing error: <data>:1:77: Expected ')' in color definition
1553651605211	Marionette	INFO	Listening on port 46317
1553651605314	Marionette	WARN	TLS certificate errors will be ignored for this session
console.error: BroadcastService: 
  receivedBroadcastMessage: handler for
  remote-settings/monitor_changes
  threw error:
  Message: Error: Polling for changes failed: NetworkError when attempting to fetch resource..
  Stack:
    remoteSettingsFunction/remoteSettings.pollChanges@resource://services-settings/remote-settings.js:188:13

[Parent 13765, Gecko_IOThread] WARNING: pipe error (79): Conexão fechada pela outra ponta: file /build/firefox-HN7tk_/firefox-65.0+build2/ipc/chromium/src/chrome/common/ipc_channel_posix.cc, line 349
[Parent 13765, Gecko_IOThread] WARNING: pipe error (65): Conexão fechada pela outra ponta: file /build/firefox-HN7tk_/firefox-65.0+build2/ipc/chromium/src/chrome/common/ipc_channel_posix.cc, line 349
1553651637272	Marionette	INFO	Stopped listening on port 46317
1553654588996	mozrunner::runner	INFO	Running command: "/usr/bin/firefox" "-marionette" "-foreground" "-no-remote" "-profile" "/tmp/rust_mozprofile.PjvcJUrId8dF"
1553654589892	addons.webextension.screenshots@mozilla.org	WARN	Loading extension 'screenshots@mozilla.org': Reading manifest: Invalid host permission: resource://pdf.js/
1553654589892	addons.webextension.screenshots@mozilla.org	WARN	Loading extension 'screenshots@mozilla.org': Reading manifest: Invalid host permission: about:reader*

(firefox:21209): Gtk-WARNING **: 23:43:10.905: Theme parsing error: <data>:1:34: Expected ')' in color definition

(firefox:21209): Gtk-WARNING **: 23:43:10.905: Theme parsing error: <data>:1:77: Expected ')' in color definition
1553654594930	Marionette	INFO	Listening on port 46699
1553654595065	Marionette	WARN	TLS certificate errors will be ignored for this session
1553654602475	Marionette	WARN	TimedPromise timed out after 500 ms: stacktrace:
bail@chrome://marionette/content/sync.js:196:64
console.error: BroadcastService: 
  receivedBroadcastMessage: handler for
  remote-settings/monitor_changes
  threw error:
  Message: Error: Polling for changes failed: NetworkError when attempting to fetch resource..
  Stack:
    remoteSettingsFunction/remoteSettings.pollChanges@resource://services-settings/remote-settings.js:188:13

[Parent 21209, Gecko_IOThread] WARNING: pipe error (79): Conexão fechada pela outra ponta: file /build/firefox-HN7tk_/firefox-65.0+build2/ipc/chromium/src/chrome/common/ipc_channel_posix.cc, line 349
1553654672860	Marionette	INFO	Stopped listening on port 46699
1553654685946	Marionette	INFO	Stopped listening on port 41833
1553654805183	mozrunner::runner	INFO	Running command: "/usr/bin/firefox" "-marionette" "-foreground" "-no-remote" "-profile" "/tmp/rust_mozprofile.cjqzruqzmuM0"
1553654806073	addons.webextension.screenshots@mozilla.org	WARN	Loading extension 'screenshots@mozilla.org': Reading manifest: Invalid host permission: resource://pdf.js/
1553654806088	addons.webextension.screenshots@mozilla.org	WARN	Loading extension 'screenshots@mozilla.org': Reading manifest: Invalid host permission: about:reader*

(firefox:7047): Gtk-WARNING **: 23:46:47.002: Theme parsing error: <data>:1:34: Expected ')' in color definition

(firefox:7047): Gtk-WARNING **: 23:46:47.002: Theme parsing error: <data>:1:77: Expected ')' in color definition
1553654813882	Marionette	INFO	Listening on port 45675
1553654814010	Marionette	WARN	TLS certificate errors will be ignored for this session
1553654825822	Marionette	WARN	TimedPromise timed out after 500 ms: stacktrace:
bail@chrome://marionette/content/sync.js:196:64
console.error: BroadcastService: 
  receivedBroadcastMessage: handler for
  remote-settings/monitor_changes
  threw error:
  Message: Error: Polling for changes failed: NetworkError when attempting to fetch resource..
  Stack:
    remoteSettingsFunction/remoteSettings.pollChanges@resource://services-settings/remote-settings.js:188:13

1553654853943	Marionette	INFO	Stopped listening on port 45675
1553654878069	mozrunner::runner	INFO	Running command: "/usr/bin/firefox" "-marionette" "-foreground" "-no-remote" "-profile" "/tmp/rust_mozprofile.63Smc7KZdBOg"
1553654880176	addons.webextension.screenshots@mozilla.org	WARN	Loading extension 'screenshots@mozilla.org': Reading manifest: Invalid host permission: resource://pdf.js/
1553654880177	addons.webextension.screenshots@mozilla.org	WARN	Loading extension 'screenshots@mozilla.org': Reading manifest: Invalid host permission: about:reader*

(firefox:11704): Gtk-WARNING **: 23:48:01.837: Theme parsing error: <data>:1:34: Expected ')' in color definition

(firefox:11704): Gtk-WARNING **: 23:48:01.837: Theme parsing error: <data>:1:77: Expected ')' in color definition
1553654888814	Marionette	INFO	Listening on port 33039
1553654888906	Marionette	WARN	TLS certificate errors will be ignored for this session
1553654897392	Marionette	WARN	TimedPromise timed out after 500 ms: stacktrace:
bail@chrome://marionette/content/sync.js:196:64
console.error: BroadcastService: 
  receivedBroadcastMessage: handler for
  remote-settings/monitor_changes
  threw error:
  Message: Error: Polling for changes failed: NetworkError when attempting to fetch resource..
  Stack:
    remoteSettingsFunction/remoteSettings.pollChanges@resource://services-settings/remote-settings.js:188:13

[Parent 11704, Gecko_IOThread] WARNING: pipe error (79): Conexão fechada pela outra ponta: file /build/firefox-HN7tk_/firefox-65.0+build2/ipc/chromium/src/chrome/common/ipc_channel_posix.cc, line 349
1553655023584	Marionette	INFO	Stopped listening on port 33039
1553655957072	mozrunner::runner	INFO	Running command: "/usr/bin/firefox" "-marionette" "-foreground" "-no-remote" "-profile" "/tmp/rust_mozprofile.Mtcs3JEBYZnf"
1553655957970	addons.webextension.screenshots@mozilla.org	WARN	Loading extension 'screenshots@mozilla.org': Reading manifest: Invalid host permission: resource://pdf.js/
1553655957971	addons.webextension.screenshots@mozilla.org	WARN	Loading extension 'screenshots@mozilla.org': Reading manifest: Invalid host permission: about:reader*

(firefox:32012): Gtk-WARNING **: 00:05:58.874: Theme parsing error: <data>:1:34: Expected ')' in color definition

(firefox:32012): Gtk-WARNING **: 00:05:58.874: Theme parsing error: <data>:1:77: Expected ')' in color definition
1553655965426	Marionette	INFO	Listening on port 39121
1553655965500	Marionette	WARN	TLS certificate errors will be ignored for this session
console.error: BroadcastService: 
  receivedBroadcastMessage: handler for
  remote-settings/monitor_changes
  threw error:
  Message: Error: Polling for changes failed: NetworkError when attempting to fetch resource..
  Stack:
    remoteSettingsFunction/remoteSettings.pollChanges@resource://services-settings/remote-settings.js:188:13

1553656006610	Marionette	WARN	TimedPromise timed out after 500 ms: stacktrace:
bail@chrome://marionette/content/sync.js:196:64
1553656724822	mozrunner::runner	INFO	Running command: "/usr/bin/firefox" "-marionette" "-foreground" "-no-remote" "-profile" "/tmp/rust_mozprofile.K8kRnCogumgf"
1553656725939	addons.webextension.screenshots@mozilla.org	WARN	Loading extension 'screenshots@mozilla.org': Reading manifest: Invalid host permission: resource://pdf.js/
1553656725939	addons.webextension.screenshots@mozilla.org	WARN	Loading extension 'screenshots@mozilla.org': Reading manifest: Invalid host permission: about:reader*

(firefox:22465): Gtk-WARNING **: 00:18:47.160: Theme parsing error: <data>:1:34: Expected ')' in color definition

(firefox:22465): Gtk-WARNING **: 00:18:47.160: Theme parsing error: <data>:1:77: Expected ')' in color definition
1553656731203	Marionette	INFO	Listening on port 42931
1553656731299	Marionette	WARN	TLS certificate errors will be ignored for this session
1553656740297	Marionette	WARN	TimedPromise timed out after 500 ms: stacktrace:
bail@chrome://marionette/content/sync.js:196:64
1553656772781	Marionette	INFO	Stopped listening on port 42931
JavaScript error: , line 0: InvalidStateError: An attempt was made to use an object that is not, or is no longer, usable
[Child 26120, Chrome_ChildThread] WARNING: pipe error: Pipe quebrado: file /build/firefox-HN7tk_/firefox-65.0+build2/ipc/chromium/src/chrome/common/ipc_channel_posix.cc, line 718
[Parent 32012, Gecko_IOThread] WARNING: pipe error (135): Conexão fechada pela outra ponta: file /build/firefox-HN7tk_/firefox-65.0+build2/ipc/chromium/src/chrome/common/ipc_channel_posix.cc, line 349
1553656782889	Marionette	INFO	Stopped listening on port 39121
1553657367889	mozrunner::runner	INFO	Running command: "/usr/bin/firefox" "-marionette" "-foreground" "-no-remote" "-profile" "/tmp/rust_mozprofile.Gdej3WVIIKFB"
1553657368809	addons.webextension.screenshots@mozilla.org	WARN	Loading extension 'screenshots@mozilla.org': Reading manifest: Invalid host permission: resource://pdf.js/
1553657368809	addons.webextension.screenshots@mozilla.org	WARN	Loading extension 'screenshots@mozilla.org': Reading manifest: Invalid host permission: about:reader*

(firefox:7498): Gtk-WARNING **: 00:29:29.707: Theme parsing error: <data>:1:34: Expected ')' in color definition

(firefox:7498): Gtk-WARNING **: 00:29:29.707: Theme parsing error: <data>:1:77: Expected ')' in color definition
1553657373356	Marionette	INFO	Listening on port 42761
1553657373468	Marionette	WARN	TLS certificate errors will be ignored for this session
console.error: BroadcastService: 
  receivedBroadcastMessage: handler for
  remote-settings/monitor_changes
  threw error:
  Message: Error: Polling for changes failed: NetworkError when attempting to fetch resource..
  Stack:
    remoteSettingsFunction/remoteSettings.pollChanges@resource://services-settings/remote-settings.js:188:13

1553657412210	Marionette	WARN	TimedPromise timed out after 500 ms: stacktrace:
bail@chrome://marionette/content/sync.js:196:64
ajax@http://www.acessibilidadebrasil.org.br/libras_3/public/site/js/jquery-1.4.2.min.js:130:103
getWordsBySearch@http://www.acessibilidadebrasil.org.br/libras_3/public/site/js/functions.js?var=790:364:3
getClick/<@http://www.acessibilidadebrasil.org.br/libras_3/public/site/js/functions.js?var=790:98:17
handle@http://www.acessibilidadebrasil.org.br/libras_3/public/site/js/jquery-1.4.2.min.js:55:297
o@http://www.acessibilidadebrasil.org.br/libras_3/public/site/js/jquery-1.4.2.min.js:49:341
event.synthesizeMouseAtPoint@chrome://marionette/content/event.js:202:5
webdriverClickElement@chrome://marionette/content/interaction.js:183:5
1553657423860	Marionette	INFO	Stopped listening on port 42761
1553657843521	mozrunner::runner	INFO	Running command: "/usr/bin/firefox" "-marionette" "-foreground" "-no-remote" "-profile" "/tmp/rust_mozprofile.Acg21zyuiECe"
1553657844426	addons.webextension.screenshots@mozilla.org	WARN	Loading extension 'screenshots@mozilla.org': Reading manifest: Invalid host permission: resource://pdf.js/
1553657844427	addons.webextension.screenshots@mozilla.org	WARN	Loading extension 'screenshots@mozilla.org': Reading manifest: Invalid host permission: about:reader*

(firefox:13727): Gtk-WARNING **: 00:37:25.383: Theme parsing error: <data>:1:34: Expected ')' in color definition

(firefox:13727): Gtk-WARNING **: 00:37:25.383: Theme parsing error: <data>:1:77: Expected ')' in color definition
1553657851058	Marionette	INFO	Listening on port 45703
1553657851158	Marionette	WARN	TLS certificate errors will be ignored for this session
1553657860796	Marionette	WARN	TimedPromise timed out after 500 ms: stacktrace:
bail@chrome://marionette/content/sync.js:196:64
ajax@http://www.acessibilidadebrasil.org.br/libras_3/public/site/js/jquery-1.4.2.min.js:130:103
getWordsBySearch@http://www.acessibilidadebrasil.org.br/libras_3/public/site/js/functions.js?var=790:364:3
getClick/<@http://www.acessibilidadebrasil.org.br/libras_3/public/site/js/functions.js?var=790:98:17
handle@http://www.acessibilidadebrasil.org.br/libras_3/public/site/js/jquery-1.4.2.min.js:55:297
o@http://www.acessibilidadebrasil.org.br/libras_3/public/site/js/jquery-1.4.2.min.js:49:341
event.synthesizeMouseAtPoint@chrome://marionette/content/event.js:202:5
webdriverClickElement@chrome://marionette/content/interaction.js:183:5
1553657909916	Marionette	INFO	Stopped listening on port 45703
1553657990210	mozrunner::runner	INFO	Running command: "/usr/bin/firefox" "-marionette" "-foreground" "-no-remote" "-profile" "/tmp/rust_mozprofile.L8CF8jWZy8En"
1553657991136	addons.webextension.screenshots@mozilla.org	WARN	Loading extension 'screenshots@mozilla.org': Reading manifest: Invalid host permission: resource://pdf.js/
1553657991137	addons.webextension.screenshots@mozilla.org	WARN	Loading extension 'screenshots@mozilla.org': Reading manifest: Invalid host permission: about:reader*

(firefox:25525): Gtk-WARNING **: 00:39:52.106: Theme parsing error: <data>:1:34: Expected ')' in color definition

(firefox:25525): Gtk-WARNING **: 00:39:52.106: Theme parsing error: <data>:1:77: Expected ')' in color definition
1553657995796	Marionette	INFO	Listening on port 38589
1553657995922	Marionette	WARN	TLS certificate errors will be ignored for this session
1553658006739	Marionette	WARN	TimedPromise timed out after 500 ms: stacktrace:
bail@chrome://marionette/content/sync.js:196:64
console.error: BroadcastService: 
  receivedBroadcastMessage: handler for
  remote-settings/monitor_changes
  threw error:
  Message: Error: Polling for changes failed: NetworkError when attempting to fetch resource..
  Stack:
    remoteSettingsFunction/remoteSettings.pollChanges@resource://services-settings/remote-settings.js:188:13

1553658152913	mozrunner::runner	INFO	Running command: "/usr/bin/firefox" "-marionette" "-foreground" "-no-remote" "-profile" "/tmp/rust_mozprofile.mP1M5SgvgffY"
1553658153842	addons.webextension.screenshots@mozilla.org	WARN	Loading extension 'screenshots@mozilla.org': Reading manifest: Invalid host permission: resource://pdf.js/
1553658153843	addons.webextension.screenshots@mozilla.org	WARN	Loading extension 'screenshots@mozilla.org': Reading manifest: Invalid host permission: about:reader*

(firefox:5018): Gtk-WARNING **: 00:42:34.737: Theme parsing error: <data>:1:34: Expected ')' in color definition

(firefox:5018): Gtk-WARNING **: 00:42:34.738: Theme parsing error: <data>:1:77: Expected ')' in color definition
1553658158578	Marionette	INFO	Listening on port 45375
1553658158673	Marionette	WARN	TLS certificate errors will be ignored for this session
console.error: BroadcastService: 
  receivedBroadcastMessage: handler for
  remote-settings/monitor_changes
  threw error:
  Message: Error: Polling for changes failed: NetworkError when attempting to fetch resource..
  Stack:
    remoteSettingsFunction/remoteSettings.pollChanges@resource://services-settings/remote-settings.js:188:13

1553658460000	mozrunner::runner	INFO	Running command: "/usr/bin/firefox" "-marionette" "-foreground" "-no-remote" "-profile" "/tmp/rust_mozprofile.bA8ce9NGevx2"
1553658460989	addons.webextension.screenshots@mozilla.org	WARN	Loading extension 'screenshots@mozilla.org': Reading manifest: Invalid host permission: resource://pdf.js/
1553658460989	addons.webextension.screenshots@mozilla.org	WARN	Loading extension 'screenshots@mozilla.org': Reading manifest: Invalid host permission: about:reader*

(firefox:27066): Gtk-WARNING **: 00:47:42.057: Theme parsing error: <data>:1:34: Expected ')' in color definition

(firefox:27066): Gtk-WARNING **: 00:47:42.057: Theme parsing error: <data>:1:77: Expected ')' in color definition
1553658466245	Marionette	INFO	Listening on port 40873
1553658466477	Marionette	WARN	TLS certificate errors will be ignored for this session
console.error: BroadcastService: 
  receivedBroadcastMessage: handler for
  remote-settings/monitor_changes
  threw error:
  Message: Error: Polling for changes failed: NetworkError when attempting to fetch resource..
  Stack:
    remoteSettingsFunction/remoteSettings.pollChanges@resource://services-settings/remote-settings.js:188:13

[Parent 27066, Gecko_IOThread] WARNING: pipe error (93): Conexão fechada pela outra ponta: file /build/firefox-HN7tk_/firefox-65.0+build2/ipc/chromium/src/chrome/common/ipc_channel_posix.cc, line 349
[Parent 27066, Gecko_IOThread] WARNING: pipe error (79): Conexão fechada pela outra ponta: file /build/firefox-HN7tk_/firefox-65.0+build2/ipc/chromium/src/chrome/common/ipc_channel_posix.cc, line 349
1553658603125	Marionette	INFO	Stopped listening on port 40873
1553659034710	mozrunner::runner	INFO	Running command: "/usr/bin/firefox" "-marionette" "-foreground" "-no-remote" "-profile" "/tmp/rust_mozprofile.4HKeLYp0GF7O"
1553659037019	addons.webextension.screenshots@mozilla.org	WARN	Loading extension 'screenshots@mozilla.org': Reading manifest: Invalid host permission: resource://pdf.js/
1553659037020	addons.webextension.screenshots@mozilla.org	WARN	Loading extension 'screenshots@mozilla.org': Reading manifest: Invalid host permission: about:reader*

(firefox:5923): Gtk-WARNING **: 00:57:18.663: Theme parsing error: <data>:1:34: Expected ')' in color definition

(firefox:5923): Gtk-WARNING **: 00:57:18.664: Theme parsing error: <data>:1:77: Expected ')' in color definition
1553659045666	Marionette	INFO	Listening on port 40003
1553659045793	Marionette	WARN	TLS certificate errors will be ignored for this session
1553659064571	Marionette	WARN	TimedPromise timed out after 500 ms: stacktrace:
bail@chrome://marionette/content/sync.js:196:64
ajax@http://www.acessibilidadebrasil.org.br/libras_3/public/site/js/jquery-1.4.2.min.js:130:103
getWordsBySearch@http://www.acessibilidadebrasil.org.br/libras_3/public/site/js/functions.js?var=790:364:3
getClick/<@http://www.acessibilidadebrasil.org.br/libras_3/public/site/js/functions.js?var=790:98:17
handle@http://www.acessibilidadebrasil.org.br/libras_3/public/site/js/jquery-1.4.2.min.js:55:297
o@http://www.acessibilidadebrasil.org.br/libras_3/public/site/js/jquery-1.4.2.min.js:49:341
event.synthesizeMouseAtPoint@chrome://marionette/content/event.js:202:5
webdriverClickElement@chrome://marionette/content/interaction.js:183:5
console.error: BroadcastService: 
  receivedBroadcastMessage: handler for
  remote-settings/monitor_changes
  threw error:
  Message: Error: Polling for changes failed: NetworkError when attempting to fetch resource..
  Stack:
    remoteSettingsFunction/remoteSettings.pollChanges@resource://services-settings/remote-settings.js:188:13

1553659515356	mozrunner::runner	INFO	Running command: "/usr/bin/firefox" "-marionette" "-foreground" "-no-remote" "-profile" "/tmp/rust_mozprofile.CXoHPo7WNWKd"
1553659516305	addons.webextension.screenshots@mozilla.org	WARN	Loading extension 'screenshots@mozilla.org': Reading manifest: Invalid host permission: resource://pdf.js/
1553659516306	addons.webextension.screenshots@mozilla.org	WARN	Loading extension 'screenshots@mozilla.org': Reading manifest: Invalid host permission: about:reader*

(firefox:10609): Gtk-WARNING **: 01:05:17.282: Theme parsing error: <data>:1:34: Expected ')' in color definition

(firefox:10609): Gtk-WARNING **: 01:05:17.282: Theme parsing error: <data>:1:77: Expected ')' in color definition
1553659524386	Marionette	INFO	Listening on port 43703
1553659525170	Marionette	WARN	TLS certificate errors will be ignored for this session
console.error: BroadcastService: 
  receivedBroadcastMessage: handler for
  remote-settings/monitor_changes
  threw error:
  Message: Error: Polling for changes failed: NetworkError when attempting to fetch resource..
  Stack:
    remoteSettingsFunction/remoteSettings.pollChanges@resource://services-settings/remote-settings.js:188:13

1553659549147	Marionette	WARN	TimedPromise timed out after 500 ms: stacktrace:
bail@chrome://marionette/content/sync.js:196:64
ajax@http://www.acessibilidadebrasil.org.br/libras_3/public/site/js/jquery-1.4.2.min.js:130:103
getWordsBySearch@http://www.acessibilidadebrasil.org.br/libras_3/public/site/js/functions.js?var=790:364:3
getClick/<@http://www.acessibilidadebrasil.org.br/libras_3/public/site/js/functions.js?var=790:98:17
handle@http://www.acessibilidadebrasil.org.br/libras_3/public/site/js/jquery-1.4.2.min.js:55:297
o@http://www.acessibilidadebrasil.org.br/libras_3/public/site/js/jquery-1.4.2.min.js:49:341
event.synthesizeMouseAtPoint@chrome://marionette/content/event.js:202:5
webdriverClickElement@chrome://marionette/content/interaction.js:183:5
1553659594267	mozrunner::runner	INFO	Running command: "/usr/bin/firefox" "-marionette" "-foreground" "-no-remote" "-profile" "/tmp/rust_mozprofile.vXjC7VyrTINx"
1553659596538	addons.webextension.screenshots@mozilla.org	WARN	Loading extension 'screenshots@mozilla.org': Reading manifest: Invalid host permission: resource://pdf.js/
1553659596539	addons.webextension.screenshots@mozilla.org	WARN	Loading extension 'screenshots@mozilla.org': Reading manifest: Invalid host permission: about:reader*

(firefox:15166): Gtk-WARNING **: 01:06:38.790: Theme parsing error: <data>:1:34: Expected ')' in color definition

(firefox:15166): Gtk-WARNING **: 01:06:38.790: Theme parsing error: <data>:1:77: Expected ')' in color definition
1553659606327	Marionette	INFO	Listening on port 45139
1553659606579	Marionette	WARN	TLS certificate errors will be ignored for this session
1553659618427	Marionette	WARN	TimedPromise timed out after 500 ms: stacktrace:
bail@chrome://marionette/content/sync.js:196:64
1553659672006	Marionette	INFO	Stopped listening on port 45139
1553659676606	Marionette	INFO	Stopped listening on port 43703
1553659676892	Marionette	INFO	Stopped listening on port 40003
1553659684959	Marionette	INFO	Stopped listening on port 45375
1553659688332	Marionette	INFO	Stopped listening on port 38589
1553659827923	mozrunner::runner	INFO	Running command: "/usr/bin/firefox" "-marionette" "-foreground" "-no-remote" "-profile" "/tmp/rust_mozprofile.OYe8I7dVhGSm"
1553659829238	addons.webextension.screenshots@mozilla.org	WARN	Loading extension 'screenshots@mozilla.org': Reading manifest: Invalid host permission: resource://pdf.js/
1553659829239	addons.webextension.screenshots@mozilla.org	WARN	Loading extension 'screenshots@mozilla.org': Reading manifest: Invalid host permission: about:reader*

(firefox:30951): Gtk-WARNING **: 01:10:30.418: Theme parsing error: <data>:1:34: Expected ')' in color definition

(firefox:30951): Gtk-WARNING **: 01:10:30.418: Theme parsing error: <data>:1:77: Expected ')' in color definition
1553659834020	Marionette	INFO	Listening on port 45495
1553659834078	Marionette	WARN	TLS certificate errors will be ignored for this session
1553659843237	Marionette	WARN	TimedPromise timed out after 500 ms: stacktrace:
bail@chrome://marionette/content/sync.js:196:64
1553659888661	Marionette	INFO	Stopped listening on port 45495
1553660088658	mozrunner::runner	INFO	Running command: "/usr/bin/firefox" "-marionette" "-foreground" "-no-remote" "-profile" "/tmp/rust_mozprofile.X5hXWgdq1mEi"
1553660090657	addons.webextension.screenshots@mozilla.org	WARN	Loading extension 'screenshots@mozilla.org': Reading manifest: Invalid host permission: resource://pdf.js/
1553660090658	addons.webextension.screenshots@mozilla.org	WARN	Loading extension 'screenshots@mozilla.org': Reading manifest: Invalid host permission: about:reader*

(firefox:18494): Gtk-WARNING **: 01:14:52.234: Theme parsing error: <data>:1:34: Expected ')' in color definition

(firefox:18494): Gtk-WARNING **: 01:14:52.234: Theme parsing error: <data>:1:77: Expected ')' in color definition
1553660099138	Marionette	INFO	Listening on port 45809
1553660099226	Marionette	WARN	TLS certificate errors will be ignored for this session
1553660108563	Marionette	WARN	TimedPromise timed out after 500 ms: stacktrace:
bail@chrome://marionette/content/sync.js:196:64
console.error: BroadcastService: 
  receivedBroadcastMessage: handler for
  remote-settings/monitor_changes
  threw error:
  Message: Error: Polling for changes failed: NetworkError when attempting to fetch resource..
  Stack:
    remoteSettingsFunction/remoteSettings.pollChanges@resource://services-settings/remote-settings.js:188:13

1553660474453	mozrunner::runner	INFO	Running command: "/usr/bin/firefox" "-marionette" "-foreground" "-no-remote" "-profile" "/tmp/rust_mozprofile.pN5nD4bM93mL"
1553660475379	addons.webextension.screenshots@mozilla.org	WARN	Loading extension 'screenshots@mozilla.org': Reading manifest: Invalid host permission: resource://pdf.js/
1553660475380	addons.webextension.screenshots@mozilla.org	WARN	Loading extension 'screenshots@mozilla.org': Reading manifest: Invalid host permission: about:reader*

(firefox:15095): Gtk-WARNING **: 01:21:16.284: Theme parsing error: <data>:1:34: Expected ')' in color definition

(firefox:15095): Gtk-WARNING **: 01:21:16.284: Theme parsing error: <data>:1:77: Expected ')' in color definition
1553660480214	Marionette	INFO	Listening on port 40111
1553660480321	Marionette	WARN	TLS certificate errors will be ignored for this session
1553660499760	Marionette	WARN	TimedPromise timed out after 500 ms: stacktrace:
bail@chrome://marionette/content/sync.js:196:64
ajax@http://www.acessibilidadebrasil.org.br/libras_3/public/site/js/jquery-1.4.2.min.js:130:103
getWordsBySearch@http://www.acessibilidadebrasil.org.br/libras_3/public/site/js/functions.js?var=790:364:3
getClick/<@http://www.acessibilidadebrasil.org.br/libras_3/public/site/js/functions.js?var=790:98:17
handle@http://www.acessibilidadebrasil.org.br/libras_3/public/site/js/jquery-1.4.2.min.js:55:297
o@http://www.acessibilidadebrasil.org.br/libras_3/public/site/js/jquery-1.4.2.min.js:49:341
event.synthesizeMouseAtPoint@chrome://marionette/content/event.js:202:5
webdriverClickElement@chrome://marionette/content/interaction.js:183:5
console.error: BroadcastService: 
  receivedBroadcastMessage: handler for
  remote-settings/monitor_changes
  threw error:
  Message: Error: Polling for changes failed: NetworkError when attempting to fetch resource..
  Stack:
    remoteSettingsFunction/remoteSettings.pollChanges@resource://services-settings/remote-settings.js:188:13

1553662895294	mozrunner::runner	INFO	Running command: "/usr/bin/firefox" "-marionette" "-foreground" "-no-remote" "-profile" "/tmp/rust_mozprofile.Z5OP4UiEDz6x"
1553662896176	addons.webextension.screenshots@mozilla.org	WARN	Loading extension 'screenshots@mozilla.org': Reading manifest: Invalid host permission: resource://pdf.js/
1553662896176	addons.webextension.screenshots@mozilla.org	WARN	Loading extension 'screenshots@mozilla.org': Reading manifest: Invalid host permission: about:reader*

(firefox:5579): Gtk-WARNING **: 02:01:37.101: Theme parsing error: <data>:1:34: Expected ')' in color definition

(firefox:5579): Gtk-WARNING **: 02:01:37.101: Theme parsing error: <data>:1:77: Expected ')' in color definition
1553662900858	Marionette	INFO	Listening on port 41109
1553662900968	Marionette	WARN	TLS certificate errors will be ignored for this session
1553662911983	Marionette	WARN	TimedPromise timed out after 500 ms: stacktrace:
bail@chrome://marionette/content/sync.js:196:64
ajax@http://www.acessibilidadebrasil.org.br/libras_3/public/site/js/jquery-1.4.2.min.js:130:103
getWordsBySearch@http://www.acessibilidadebrasil.org.br/libras_3/public/site/js/functions.js?var=790:364:3
getClick/<@http://www.acessibilidadebrasil.org.br/libras_3/public/site/js/functions.js?var=790:98:17
handle@http://www.acessibilidadebrasil.org.br/libras_3/public/site/js/jquery-1.4.2.min.js:55:297
o@http://www.acessibilidadebrasil.org.br/libras_3/public/site/js/jquery-1.4.2.min.js:49:341
event.synthesizeMouseAtPoint@chrome://marionette/content/event.js:202:5
webdriverClickElement@chrome://marionette/content/interaction.js:183:5
console.error: BroadcastService: 
  receivedBroadcastMessage: handler for
  remote-settings/monitor_changes
  threw error:
  Message: Error: Polling for changes failed: NetworkError when attempting to fetch resource..
  Stack:
    remoteSettingsFunction/remoteSettings.pollChanges@resource://services-settings/remote-settings.js:188:13

1553663000358	mozrunner::runner	INFO	Running command: "/usr/bin/firefox" "-marionette" "-foreground" "-no-remote" "-profile" "/tmp/rust_mozprofile.Pjd1AxVjj6ka"
1553663001257	addons.webextension.screenshots@mozilla.org	WARN	Loading extension 'screenshots@mozilla.org': Reading manifest: Invalid host permission: resource://pdf.js/
1553663001257	addons.webextension.screenshots@mozilla.org	WARN	Loading extension 'screenshots@mozilla.org': Reading manifest: Invalid host permission: about:reader*

(firefox:13900): Gtk-WARNING **: 02:03:22.180: Theme parsing error: <data>:1:34: Expected ')' in color definition

(firefox:13900): Gtk-WARNING **: 02:03:22.180: Theme parsing error: <data>:1:77: Expected ')' in color definition
1553663009330	Marionette	INFO	Listening on port 42009
1553663009474	Marionette	WARN	TLS certificate errors will be ignored for this session
console.error: BroadcastService: 
  receivedBroadcastMessage: handler for
  remote-settings/monitor_changes
  threw error:
  Message: Error: Polling for changes failed: NetworkError when attempting to fetch resource..
  Stack:
    remoteSettingsFunction/remoteSettings.pollChanges@resource://services-settings/remote-settings.js:188:13

1553663075812	Marionette	WARN	TimedPromise timed out after 500 ms: stacktrace:
bail@chrome://marionette/content/sync.js:196:64
ajax@http://www.acessibilidadebrasil.org.br/libras_3/public/site/js/jquery-1.4.2.min.js:130:103
getWordsBySearch@http://www.acessibilidadebrasil.org.br/libras_3/public/site/js/functions.js?var=790:364:3
getClick/<@http://www.acessibilidadebrasil.org.br/libras_3/public/site/js/functions.js?var=790:98:17
handle@http://www.acessibilidadebrasil.org.br/libras_3/public/site/js/jquery-1.4.2.min.js:55:297
o@http://www.acessibilidadebrasil.org.br/libras_3/public/site/js/jquery-1.4.2.min.js:49:341
event.synthesizeMouseAtPoint@chrome://marionette/content/event.js:202:5
webdriverClickElement@chrome://marionette/content/interaction.js:183:5
1553663117839	mozrunner::runner	INFO	Running command: "/usr/bin/firefox" "-marionette" "-foreground" "-no-remote" "-profile" "/tmp/rust_mozprofile.fbg6MrPWlenh"
1553663119860	addons.webextension.screenshots@mozilla.org	WARN	Loading extension 'screenshots@mozilla.org': Reading manifest: Invalid host permission: resource://pdf.js/
1553663119861	addons.webextension.screenshots@mozilla.org	WARN	Loading extension 'screenshots@mozilla.org': Reading manifest: Invalid host permission: about:reader*

(firefox:20813): Gtk-WARNING **: 02:05:21.661: Theme parsing error: <data>:1:34: Expected ')' in color definition

(firefox:20813): Gtk-WARNING **: 02:05:21.662: Theme parsing error: <data>:1:77: Expected ')' in color definition
1553663128960	Marionette	INFO	Listening on port 43953
1553663129076	Marionette	WARN	TLS certificate errors will be ignored for this session
console.error: BroadcastService: 
  receivedBroadcastMessage: handler for
  remote-settings/monitor_changes
  threw error:
  Message: Error: Polling for changes failed: NetworkError when attempting to fetch resource..
  Stack:
    remoteSettingsFunction/remoteSettings.pollChanges@resource://services-settings/remote-settings.js:188:13

1553663158836	Marionette	WARN	TimedPromise timed out after 500 ms: stacktrace:
bail@chrome://marionette/content/sync.js:196:64
1553663536086	Marionette	INFO	Stopped listening on port 43953
1553663672176	Marionette	INFO	Stopped listening on port 42009
1553665311460	mozrunner::runner	INFO	Running command: "/usr/bin/firefox" "-marionette" "-foreground" "-no-remote" "-profile" "/tmp/rust_mozprofile.8xNOdnsUBEJ4"
1553665314199	addons.webextension.screenshots@mozilla.org	WARN	Loading extension 'screenshots@mozilla.org': Reading manifest: Invalid host permission: resource://pdf.js/
1553665314200	addons.webextension.screenshots@mozilla.org	WARN	Loading extension 'screenshots@mozilla.org': Reading manifest: Invalid host permission: about:reader*

(firefox:13760): Gtk-WARNING **: 02:41:56.061: Theme parsing error: <data>:1:34: Expected ')' in color definition

(firefox:13760): Gtk-WARNING **: 02:41:56.061: Theme parsing error: <data>:1:77: Expected ')' in color definition
1553665323128	Marionette	INFO	Listening on port 42701
1553665323239	Marionette	WARN	TLS certificate errors will be ignored for this session
1553665333230	Marionette	WARN	TimedPromise timed out after 500 ms: stacktrace:
bail@chrome://marionette/content/sync.js:196:64
ajax@http://www.acessibilidadebrasil.org.br/libras_3/public/site/js/jquery-1.4.2.min.js:130:103
getWordsBySearch@http://www.acessibilidadebrasil.org.br/libras_3/public/site/js/functions.js?var=790:364:3
getClick/<@http://www.acessibilidadebrasil.org.br/libras_3/public/site/js/functions.js?var=790:98:17
handle@http://www.acessibilidadebrasil.org.br/libras_3/public/site/js/jquery-1.4.2.min.js:55:297
o@http://www.acessibilidadebrasil.org.br/libras_3/public/site/js/jquery-1.4.2.min.js:49:341
event.synthesizeMouseAtPoint@chrome://marionette/content/event.js:202:5
webdriverClickElement@chrome://marionette/content/interaction.js:183:5
console.error: BroadcastService: 
  receivedBroadcastMessage: handler for
  remote-settings/monitor_changes
  threw error:
  Message: Error: Polling for changes failed: NetworkError when attempting to fetch resource..
  Stack:
    remoteSettingsFunction/remoteSettings.pollChanges@resource://services-settings/remote-settings.js:188:13

1553665359334	Marionette	INFO	Stopped listening on port 42701
1553665869417	mozrunner::runner	INFO	Running command: "/usr/bin/firefox" "-marionette" "-foreground" "-no-remote" "-profile" "/tmp/rust_mozprofile.2aVZR8JNrDVd"
1553665871435	addons.webextension.screenshots@mozilla.org	WARN	Loading extension 'screenshots@mozilla.org': Reading manifest: Invalid host permission: resource://pdf.js/
1553665871436	addons.webextension.screenshots@mozilla.org	WARN	Loading extension 'screenshots@mozilla.org': Reading manifest: Invalid host permission: about:reader*

(firefox:19794): Gtk-WARNING **: 02:51:13.089: Theme parsing error: <data>:1:34: Expected ')' in color definition

(firefox:19794): Gtk-WARNING **: 02:51:13.089: Theme parsing error: <data>:1:77: Expected ')' in color definition
1553665879721	Marionette	INFO	Listening on port 34613
1553665879813	Marionette	WARN	TLS certificate errors will be ignored for this session
1553665893127	Marionette	WARN	TimedPromise timed out after 500 ms: stacktrace:
bail@chrome://marionette/content/sync.js:196:64
ajax@http://www.acessibilidadebrasil.org.br/libras_3/public/site/js/jquery-1.4.2.min.js:130:103
getWordsBySearch@http://www.acessibilidadebrasil.org.br/libras_3/public/site/js/functions.js?var=790:364:3
getClick/<@http://www.acessibilidadebrasil.org.br/libras_3/public/site/js/functions.js?var=790:98:17
handle@http://www.acessibilidadebrasil.org.br/libras_3/public/site/js/jquery-1.4.2.min.js:55:297
o@http://www.acessibilidadebrasil.org.br/libras_3/public/site/js/jquery-1.4.2.min.js:49:341
event.synthesizeMouseAtPoint@chrome://marionette/content/event.js:202:5
webdriverClickElement@chrome://marionette/content/interaction.js:183:5
console.error: BroadcastService: 
  receivedBroadcastMessage: handler for
  remote-settings/monitor_changes
  threw error:
  Message: Error: Polling for changes failed: NetworkError when attempting to fetch resource..
  Stack:
    remoteSettingsFunction/remoteSettings.pollChanges@resource://services-settings/remote-settings.js:188:13

1553666308310	mozrunner::runner	INFO	Running command: "/usr/bin/firefox" "-marionette" "-foreground" "-no-remote" "-profile" "/tmp/rust_mozprofile.JuVMMWL8wpsK"
1553666310349	addons.webextension.screenshots@mozilla.org	WARN	Loading extension 'screenshots@mozilla.org': Reading manifest: Invalid host permission: resource://pdf.js/
1553666310350	addons.webextension.screenshots@mozilla.org	WARN	Loading extension 'screenshots@mozilla.org': Reading manifest: Invalid host permission: about:reader*

(firefox:19941): Gtk-WARNING **: 02:58:35.539: Theme parsing error: <data>:1:34: Expected ')' in color definition

(firefox:19941): Gtk-WARNING **: 02:58:35.539: Theme parsing error: <data>:1:77: Expected ')' in color definition
1553666322509	Marionette	INFO	Listening on port 46863
1553666322656	Marionette	WARN	TLS certificate errors will be ignored for this session
1553666330713	mozrunner::runner	INFO	Running command: "/usr/bin/firefox" "-marionette" "-foreground" "-no-remote" "-profile" "/tmp/rust_mozprofile.CHaHSA6kAZgQ"
1553666332796	Marionette	WARN	TimedPromise timed out after 500 ms: stacktrace:
bail@chrome://marionette/content/sync.js:196:64
1553666333453	addons.webextension.screenshots@mozilla.org	WARN	Loading extension 'screenshots@mozilla.org': Reading manifest: Invalid host permission: resource://pdf.js/
1553666333454	addons.webextension.screenshots@mozilla.org	WARN	Loading extension 'screenshots@mozilla.org': Reading manifest: Invalid host permission: about:reader*

(firefox:21418): Gtk-WARNING **: 02:58:55.172: Theme parsing error: <data>:1:34: Expected ')' in color definition

(firefox:21418): Gtk-WARNING **: 02:58:55.172: Theme parsing error: <data>:1:77: Expected ')' in color definition
console.error: BroadcastService: 
  receivedBroadcastMessage: handler for
  remote-settings/monitor_changes
  threw error:
  Message: Error: Polling for changes failed: NetworkError when attempting to fetch resource..
  Stack:
    remoteSettingsFunction/remoteSettings.pollChanges@resource://services-settings/remote-settings.js:188:13

1553666345480	Marionette	INFO	Listening on port 40855
1553666345627	Marionette	WARN	TLS certificate errors will be ignored for this session
console.error: BroadcastService: 
  receivedBroadcastMessage: handler for
  remote-settings/monitor_changes
  threw error:
  Message: Error: Polling for changes failed: NetworkError when attempting to fetch resource..
  Stack:
    remoteSettingsFunction/remoteSettings.pollChanges@resource://services-settings/remote-settings.js:188:13

1553666417783	Marionette	INFO	Stopped listening on port 40855
1553666422183	Marionette	INFO	Stopped listening on port 46863
1553666460975	Marionette	INFO	Stopped listening on port 40111
1553666470427	Marionette	INFO	Stopped listening on port 45809
1553666540966	Marionette	INFO	Stopped listening on port 41109
1553682314936	mozrunner::runner	INFO	Running command: "/usr/bin/firefox" "-marionette" "-foreground" "-no-remote" "-profile" "/tmp/rust_mozprofile.uXBIpRAuWh0k"
1553682316361	addons.webextension.screenshots@mozilla.org	WARN	Loading extension 'screenshots@mozilla.org': Reading manifest: Invalid host permission: resource://pdf.js/
1553682316361	addons.webextension.screenshots@mozilla.org	WARN	Loading extension 'screenshots@mozilla.org': Reading manifest: Invalid host permission: about:reader*

(firefox:4044): Gtk-WARNING **: 07:25:17.502: Theme parsing error: <data>:1:34: Expected ')' in color definition

(firefox:4044): Gtk-WARNING **: 07:25:17.502: Theme parsing error: <data>:1:77: Expected ')' in color definition
1553682321889	Marionette	INFO	Listening on port 38311
1553682321926	Marionette	WARN	TLS certificate errors will be ignored for this session
1553682330364	Marionette	WARN	TimedPromise timed out after 500 ms: stacktrace:
bail@chrome://marionette/content/sync.js:196:64
ajax@http://www.acessibilidadebrasil.org.br/libras_3/public/site/js/jquery-1.4.2.min.js:130:103
getWordsBySearch@http://www.acessibilidadebrasil.org.br/libras_3/public/site/js/functions.js?var=790:364:3
getClick/<@http://www.acessibilidadebrasil.org.br/libras_3/public/site/js/functions.js?var=790:98:17
handle@http://www.acessibilidadebrasil.org.br/libras_3/public/site/js/jquery-1.4.2.min.js:55:297
o@http://www.acessibilidadebrasil.org.br/libras_3/public/site/js/jquery-1.4.2.min.js:49:341
event.synthesizeMouseAtPoint@chrome://marionette/content/event.js:202:5
webdriverClickElement@chrome://marionette/content/interaction.js:183:5
console.error: BroadcastService: 
  receivedBroadcastMessage: handler for
  remote-settings/monitor_changes
  threw error:
  Message: Error: Polling for changes failed: NetworkError when attempting to fetch resource..
  Stack:
    remoteSettingsFunction/remoteSettings.pollChanges@resource://services-settings/remote-settings.js:188:13

1553682412934	mozrunner::runner	INFO	Running command: "/usr/bin/firefox" "-marionette" "-foreground" "-no-remote" "-profile" "/tmp/rust_mozprofile.MoJBK7OgiGOh"
1553682413886	addons.webextension.screenshots@mozilla.org	WARN	Loading extension 'screenshots@mozilla.org': Reading manifest: Invalid host permission: resource://pdf.js/
1553682413887	addons.webextension.screenshots@mozilla.org	WARN	Loading extension 'screenshots@mozilla.org': Reading manifest: Invalid host permission: about:reader*

(firefox:19002): Gtk-WARNING **: 07:26:54.845: Theme parsing error: <data>:1:34: Expected ')' in color definition

(firefox:19002): Gtk-WARNING **: 07:26:54.845: Theme parsing error: <data>:1:77: Expected ')' in color definition
1553682418719	Marionette	INFO	Listening on port 37293
1553682418802	Marionette	WARN	TLS certificate errors will be ignored for this session
console.error: BroadcastService: 
  receivedBroadcastMessage: handler for
  remote-settings/monitor_changes
  threw error:
  Message: Error: Polling for changes failed: NetworkError when attempting to fetch resource..
  Stack:
    remoteSettingsFunction/remoteSettings.pollChanges@resource://services-settings/remote-settings.js:188:13

1553682479422	Marionette	INFO	Stopped listening on port 38311
1553682487153	Marionette	INFO	Stopped listening on port 37293
1553682672928	mozrunner::runner	INFO	Running command: "/usr/bin/firefox" "-marionette" "-foreground" "-no-remote" "-profile" "/tmp/rust_mozprofile.fCwV3p2ww6fz"
1553682673905	addons.webextension.screenshots@mozilla.org	WARN	Loading extension 'screenshots@mozilla.org': Reading manifest: Invalid host permission: resource://pdf.js/
1553682673905	addons.webextension.screenshots@mozilla.org	WARN	Loading extension 'screenshots@mozilla.org': Reading manifest: Invalid host permission: about:reader*

(firefox:24852): Gtk-WARNING **: 07:31:14.838: Theme parsing error: <data>:1:34: Expected ')' in color definition

(firefox:24852): Gtk-WARNING **: 07:31:14.838: Theme parsing error: <data>:1:77: Expected ')' in color definition
1553682681068	Marionette	INFO	Listening on port 34515
1553682681171	Marionette	WARN	TLS certificate errors will be ignored for this session
console.error: BroadcastService: 
  receivedBroadcastMessage: handler for
  remote-settings/monitor_changes
  threw error:
  Message: Error: Polling for changes failed: NetworkError when attempting to fetch resource..
  Stack:
    remoteSettingsFunction/remoteSettings.pollChanges@resource://services-settings/remote-settings.js:188:13

1553682812659	mozrunner::runner	INFO	Running command: "/usr/bin/firefox" "-marionette" "-foreground" "-no-remote" "-profile" "/tmp/rust_mozprofile.XENb9GbyYKhR"
1553682813644	addons.webextension.screenshots@mozilla.org	WARN	Loading extension 'screenshots@mozilla.org': Reading manifest: Invalid host permission: resource://pdf.js/
1553682813644	addons.webextension.screenshots@mozilla.org	WARN	Loading extension 'screenshots@mozilla.org': Reading manifest: Invalid host permission: about:reader*

(firefox:12493): Gtk-WARNING **: 07:33:34.591: Theme parsing error: <data>:1:34: Expected ')' in color definition

(firefox:12493): Gtk-WARNING **: 07:33:34.591: Theme parsing error: <data>:1:77: Expected ')' in color definition
1553682818322	Marionette	INFO	Listening on port 45251
1553682818408	Marionette	WARN	TLS certificate errors will be ignored for this session
console.error: BroadcastService: 
  receivedBroadcastMessage: handler for
  remote-settings/monitor_changes
  threw error:
  Message: Error: Polling for changes failed: NetworkError when attempting to fetch resource..
  Stack:
    remoteSettingsFunction/remoteSettings.pollChanges@resource://services-settings/remote-settings.js:188:13

1553682873460	Marionette	INFO	Stopped listening on port 45251
1553682964901	mozrunner::runner	INFO	Running command: "/usr/bin/firefox" "-marionette" "-foreground" "-no-remote" "-profile" "/tmp/rust_mozprofile.d2bhTr9dEVfb"
1553682965808	addons.webextension.screenshots@mozilla.org	WARN	Loading extension 'screenshots@mozilla.org': Reading manifest: Invalid host permission: resource://pdf.js/
1553682965809	addons.webextension.screenshots@mozilla.org	WARN	Loading extension 'screenshots@mozilla.org': Reading manifest: Invalid host permission: about:reader*

(firefox:756): Gtk-WARNING **: 07:36:06.734: Theme parsing error: <data>:1:34: Expected ')' in color definition

(firefox:756): Gtk-WARNING **: 07:36:06.735: Theme parsing error: <data>:1:77: Expected ')' in color definition
1553682970768	Marionette	INFO	Listening on port 45371
1553682970862	Marionette	WARN	TLS certificate errors will be ignored for this session
console.error: BroadcastService: 
  receivedBroadcastMessage: handler for
  remote-settings/monitor_changes
  threw error:
  Message: Error: Polling for changes failed: NetworkError when attempting to fetch resource..
  Stack:
    remoteSettingsFunction/remoteSettings.pollChanges@resource://services-settings/remote-settings.js:188:13

1553683317561	mozrunner::runner	INFO	Running command: "/usr/bin/firefox" "-marionette" "-foreground" "-no-remote" "-profile" "/tmp/rust_mozprofile.aV4urLB3VyXe"
1553683318507	addons.webextension.screenshots@mozilla.org	WARN	Loading extension 'screenshots@mozilla.org': Reading manifest: Invalid host permission: resource://pdf.js/
1553683318508	addons.webextension.screenshots@mozilla.org	WARN	Loading extension 'screenshots@mozilla.org': Reading manifest: Invalid host permission: about:reader*

(firefox:12513): Gtk-WARNING **: 07:41:59.439: Theme parsing error: <data>:1:34: Expected ')' in color definition

(firefox:12513): Gtk-WARNING **: 07:41:59.439: Theme parsing error: <data>:1:77: Expected ')' in color definition
1553683323163	Marionette	INFO	Listening on port 42727
1553683323216	Marionette	WARN	TLS certificate errors will be ignored for this session
1553683333121	Marionette	WARN	TimedPromise timed out after 500 ms: stacktrace:
bail@chrome://marionette/content/sync.js:196:64
ajax@http://www.acessibilidadebrasil.org.br/libras_3/public/site/js/jquery-1.4.2.min.js:130:103
getWordsBySearch@http://www.acessibilidadebrasil.org.br/libras_3/public/site/js/functions.js?var=790:364:3
getClick/<@http://www.acessibilidadebrasil.org.br/libras_3/public/site/js/functions.js?var=790:98:17
handle@http://www.acessibilidadebrasil.org.br/libras_3/public/site/js/jquery-1.4.2.min.js:55:297
o@http://www.acessibilidadebrasil.org.br/libras_3/public/site/js/jquery-1.4.2.min.js:49:341
event.synthesizeMouseAtPoint@chrome://marionette/content/event.js:202:5
webdriverClickElement@chrome://marionette/content/interaction.js:183:5
console.error: BroadcastService: 
  receivedBroadcastMessage: handler for
  remote-settings/monitor_changes
  threw error:
  Message: Error: Polling for changes failed: NetworkError when attempting to fetch resource..
  Stack:
    remoteSettingsFunction/remoteSettings.pollChanges@resource://services-settings/remote-settings.js:188:13

1553683540226	Marionette	INFO	Stopped listening on port 42727
[Parent 24852, Gecko_IOThread] WARNING: pipe error (95): Conexão fechada pela outra ponta: file /build/firefox-HN7tk_/firefox-65.0+build2/ipc/chromium/src/chrome/common/ipc_channel_posix.cc, line 349
1553683562915	Marionette	INFO	Stopped listening on port 34515
